<?xml version="1.0" encoding="UTF-8"?>
<testsuite xmlns:xsi="http://www.w3.org/2001/XMLSchema-instance" xsi:noNamespaceSchemaLocation="https://maven.apache.org/surefire/maven-surefire-plugin/xsd/surefire-test-report-3.0.xsd" version="3.0" name="CHUDBOOKSYSTEM.LibraryManagementSystemTest" time="0.066" tests="14" errors="0" skipped="0" failures="12">
  <properties>
[...]
</properties>
  <testcase name="testBookInStockNotOnOrder" classname="CHUDBOOKSYSTEM.LibraryManagementSystemTest" time="0.018">
    <failure message="Not yet implemented" type="org.opentest4j.AssertionFailedError"><![CDATA[org.opentest4j.AssertionFailedError: Not yet implemented
	at org.junit.jupiter.api.AssertionUtils.fail(AssertionUtils.java:38)
	at org.junit.jupiter.api.Assertions.fail(Assertions.java:138)
	at CHUDBOOKSYSTEM.LibraryManagementSystemTest.testBookInStockNotOnOrder(LibraryManagementSystemTest.java:60)
	at java.base/java.lang.reflect.Method.invoke(Method.java:565)
	at java.base/java.util.ArrayList.forEach(ArrayList.java:1604)
	at java.base/java.util.ArrayList.forEach(ArrayList.java:1604)
]]></failure>
  </testcase>
  <testcase name="testPaymentValidation_insufficientFunds" classname="CHUDBOOKSYSTEM.LibraryManagementSystemTest" time="0.004">
    <failure message="Not yet implemented" type="org.opentest4j.AssertionFailedError"><![CDATA[org.opentest4j.AssertionFailedError: Not yet implemented
	at org.junit.jupiter.api.AssertionUtils.fail(AssertionUtils.java:38)
	at org.junit.jupiter.api.Assertions.fail(Assertions.java:138)
	at CHUDBOOKSYSTEM.LibraryManagementSystemTest.testPaymentValidation_insufficientFunds(LibraryManagementSystemTest.java:25)
	at java.base/java.lang.reflect.Method.invoke(Method.java:565)
	at java.base/java.util.ArrayList.forEach(ArrayList.java:1604)
	at java.base/java.util.ArrayList.forEach(ArrayList.java:1604)
]]></failure>
  </testcase>
  <testcase name="testOutOfStockFlagSetAtZero" classname="CHUDBOOKSYSTEM.LibraryManagementSystemTest" time="0.002">
    <failure message="Not yet implemented" type="org.opentest4j.AssertionFailedError"><![CDATA[org.opentest4j.AssertionFailedError: Not yet implemented
	at org.junit.jupiter.api.AssertionUtils.fail(AssertionUtils.java:38)
	at org.junit.jupiter.api.Assertions.fail(Assertions.java:138)
	at CHUDBOOKSYSTEM.LibraryManagementSystemTest.testOutOfStockFlagSetAtZero(LibraryManagementSystemTest.java:67)
	at java.base/java.lang.reflect.Method.invoke(Method.java:565)
	at java.base/java.util.ArrayList.forEach(ArrayList.java:1604)
	at java.base/java.util.ArrayList.forEach(ArrayList.java:1604)
]]></failure>
  </testcase>
  <testcase name="testNetworkConnectionCheck" classname="CHUDBOOKSYSTEM.LibraryManagementSystemTest" time="0.001">
    <failure message="Not yet implemented" type="org.opentest4j.AssertionFailedError"><![CDATA[org.opentest4j.AssertionFailedError: Not yet implemented
	at org.junit.jupiter.api.AssertionUtils.fail(AssertionUtils.java:38)
	at org.junit.jupiter.api.Assertions.fail(Assertions.java:138)
	at CHUDBOOKSYSTEM.LibraryManagementSystemTest.testNetworkConnectionCheck(LibraryManagementSystemTest.java:113)
	at java.base/java.lang.reflect.Method.invoke(Method.java:565)
	at java.base/java.util.ArrayList.forEach(ArrayList.java:1604)
	at java.base/java.util.ArrayList.forEach(ArrayList.java:1604)
]]></failure>
  </testcase>
  <testcase name="testValidBookCreation" classname="CHUDBOOKSYSTEM.LibraryManagementSystemTest" time="0.011"/>
  <testcase name="testBookAddedToCatalogue" classname="CHUDBOOKSYSTEM.LibraryManagementSystemTest" time="0.001">
    <failure message="Not yet implemented" type="org.opentest4j.AssertionFailedError"><![CDATA[org.opentest4j.AssertionFailedError: Not yet implemented
	at org.junit.jupiter.api.AssertionUtils.fail(AssertionUtils.java:38)
	at org.junit.jupiter.api.Assertions.fail(Assertions.java:138)
	at CHUDBOOKSYSTEM.LibraryManagementSystemTest.testBookAddedToCatalogue(LibraryManagementSystemTest.java:39)
	at java.base/java.lang.reflect.Method.invoke(Method.java:565)
	at java.base/java.util.ArrayList.forEach(ArrayList.java:1604)
	at java.base/java.util.ArrayList.forEach(ArrayList.java:1604)
]]></failure>
  </testcase>
  <testcase name="testChangeCalculatedCorrectly" classname="CHUDBOOKSYSTEM.LibraryManagementSystemTest" time="0.0"/>
  <testcase name="testEmployeeLevelsHaveCorrectAccess" classname="CHUDBOOKSYSTEM.LibraryManagementSystemTest" time="0.001">
    <failure message="Not yet implemented" type="org.opentest4j.AssertionFailedError"><![CDATA[org.opentest4j.AssertionFailedError: Not yet implemented
	at org.junit.jupiter.api.AssertionUtils.fail(AssertionUtils.java:38)
	at org.junit.jupiter.api.Assertions.fail(Assertions.java:138)
	at CHUDBOOKSYSTEM.LibraryManagementSystemTest.testEmployeeLevelsHaveCorrectAccess(LibraryManagementSystemTest.java:74)
	at java.base/java.lang.reflect.Method.invoke(Method.java:565)
	at java.base/java.util.ArrayList.forEach(ArrayList.java:1604)
	at java.base/java.util.ArrayList.forEach(ArrayList.java:1604)
]]></failure>
  </testcase>
  <testcase name="testStockDoesNotGoNegative" classname="CHUDBOOKSYSTEM.LibraryManagementSystemTest" time="0.001">
    <failure message="Not yet implemented" type="org.opentest4j.AssertionFailedError"><![CDATA[org.opentest4j.AssertionFailedError: Not yet implemented
	at org.junit.jupiter.api.AssertionUtils.fail(AssertionUtils.java:38)
	at org.junit.jupiter.api.Assertions.fail(Assertions.java:138)
	at CHUDBOOKSYSTEM.LibraryManagementSystemTest.testStockDoesNotGoNegative(LibraryManagementSystemTest.java:53)
	at java.base/java.lang.reflect.Method.invoke(Method.java:565)
	at java.base/java.util.ArrayList.forEach(ArrayList.java:1604)
	at java.base/java.util.ArrayList.forEach(ArrayList.java:1604)
]]></failure>
  </testcase>
  <testcase name="testBooksBalanceCorrectly" classname="CHUDBOOKSYSTEM.LibraryManagementSystemTest" time="0.001">
    <failure message="Not yet implemented" type="org.opentest4j.AssertionFailedError"><![CDATA[org.opentest4j.AssertionFailedError: Not yet implemented
	at org.junit.jupiter.api.AssertionUtils.fail(AssertionUtils.java:38)
	at org.junit.jupiter.api.Assertions.fail(Assertions.java:138)
	at CHUDBOOKSYSTEM.LibraryManagementSystemTest.testBooksBalanceCorrectly(LibraryManagementSystemTest.java:90)
	at java.base/java.lang.reflect.Method.invoke(Method.java:565)
	at java.base/java.util.ArrayList.forEach(ArrayList.java:1604)
	at java.base/java.util.ArrayList.forEach(ArrayList.java:1604)
]]></failure>
  </testcase>
  <testcase name="testInvalidISBNThrowsException" classname="CHUDBOOKSYSTEM.LibraryManagementSystemTest" time="0.001">
    <failure message="Expected java.lang.IllegalArgumentException to be thrown, but nothing was thrown." type="org.opentest4j.AssertionFailedError"><![CDATA[org.opentest4j.AssertionFailedError: Expected java.lang.IllegalArgumentException to be thrown, but nothing was thrown.
	at org.junit.jupiter.api.AssertionFailureBuilder.build(AssertionFailureBuilder.java:152)
	at org.junit.jupiter.api.AssertThrows.assertThrows(AssertThrows.java:73)
	at org.junit.jupiter.api.AssertThrows.assertThrows(AssertThrows.java:35)
	at org.junit.jupiter.api.Assertions.assertThrows(Assertions.java:3115)
	at CHUDBOOKSYSTEM.LibraryManagementSystemTest.testInvalidISBNThrowsException(LibraryManagementSystemTest.java:81)
	at java.base/java.lang.reflect.Method.invoke(Method.java:565)
	at java.base/java.util.ArrayList.forEach(ArrayList.java:1604)
	at java.base/java.util.ArrayList.forEach(ArrayList.java:1604)
]]></failure>
  </testcase>
  <testcase name="testBookRemovedFromCatalogueOnSale" classname="CHUDBOOKSYSTEM.LibraryManagementSystemTest" time="0.0">
    <failure message="Not yet implemented" type="org.opentest4j.AssertionFailedError"><![CDATA[org.opentest4j.AssertionFailedError: Not yet implemented
	at org.junit.jupiter.api.AssertionUtils.fail(AssertionUtils.java:38)
	at org.junit.jupiter.api.Assertions.fail(Assertions.java:138)
	at CHUDBOOKSYSTEM.LibraryManagementSystemTest.testBookRemovedFromCatalogueOnSale(LibraryManagementSystemTest.java:46)
	at java.base/java.lang.reflect.Method.invoke(Method.java:565)
	at java.base/java.util.ArrayList.forEach(ArrayList.java:1604)
	at java.base/java.util.ArrayList.forEach(ArrayList.java:1604)
]]></failure>
  </testcase>
  <testcase name="testBookReturn" classname="CHUDBOOKSYSTEM.LibraryManagementSystemTest" time="0.0">
    <failure message="Not yet implemented" type="org.opentest4j.AssertionFailedError"><![CDATA[org.opentest4j.AssertionFailedError: Not yet implemented
	at org.junit.jupiter.api.AssertionUtils.fail(AssertionUtils.java:38)
	at org.junit.jupiter.api.Assertions.fail(Assertions.java:138)
	at CHUDBOOKSYSTEM.LibraryManagementSystemTest.testBookReturn(LibraryManagementSystemTest.java:106)
	at java.base/java.lang.reflect.Method.invoke(Method.java:565)
	at java.base/java.util.ArrayList.forEach(ArrayList.java:1604)
	at java.base/java.util.ArrayList.forEach(ArrayList.java:1604)
]]></failure>
  </testcase>
  <testcase name="testPriceDoesNotGoNegative" classname="CHUDBOOKSYSTEM.LibraryManagementSystemTest" time="0.001">
    <failure message="Not yet implemented" type="org.opentest4j.AssertionFailedError"><![CDATA[org.opentest4j.AssertionFailedError: Not yet implemented
	at org.junit.jupiter.api.AssertionUtils.fail(AssertionUtils.java:38)
	at org.junit.jupiter.api.Assertions.fail(Assertions.java:138)
	at CHUDBOOKSYSTEM.LibraryManagementSystemTest.testPriceDoesNotGoNegative(LibraryManagementSystemTest.java:32)
	at java.base/java.lang.reflect.Method.invoke(Method.java:565)
	at java.base/java.util.ArrayList.forEach(ArrayList.java:1604)
	at java.base/java.util.ArrayList.forEach(ArrayList.java:1604)
]]></failure>
  </testcase>
</testsuite>